<?xml version="1.0" encoding="UTF-8"?>
<!-- Generated by org.testng.reporters.JUnitXMLReporter -->
<testsuite ignored="13" hostname="Anuppa-VD3" failures="1" tests="1" name="Default test" time="138.085" errors="0" timestamp="2025-04-07T17:44:54 IST">
  <testcase classname="PROD.AmericasMartSmokeTest_PROD" name="TS008_AMC_VerifyFooterLinksTest" time="112.874">
    <failure type="java.lang.AssertionError" message="expected [true] but found [false]">
      <![CDATA[java.lang.AssertionError: expected [true] but found [false]
at org.testng.Assert.fail(Assert.java:99)
at org.testng.Assert.failNotEquals(Assert.java:1037)
at org.testng.Assert.assertTrue(Assert.java:45)
at org.testng.Assert.assertTrue(Assert.java:55)
at PROD.AmericasMartSmokeTest_PROD.TS008_AMC_VerifyFooterLinksTest(AmericasMartSmokeTest_PROD.java:807)
at java.base/jdk.internal.reflect.DirectMethodHandleAccessor.invoke(DirectMethodHandleAccessor.java:103)
at java.base/java.lang.reflect.Method.invoke(Method.java:580)
at org.testng.internal.MethodInvocationHelper.invokeMethod(MethodInvocationHelper.java:133)
at org.testng.internal.TestInvoker.invokeMethod(TestInvoker.java:598)
at org.testng.internal.TestInvoker.invokeTestMethod(TestInvoker.java:173)
at org.testng.internal.MethodRunner.runInSequence(MethodRunner.java:46)
at org.testng.internal.TestInvoker$MethodInvocationAgent.invoke(TestInvoker.java:824)
at org.testng.internal.TestInvoker.invokeTestMethods(TestInvoker.java:146)
at org.testng.internal.TestMethodWorker.invokeTestMethods(TestMethodWorker.java:146)
at org.testng.internal.TestMethodWorker.run(TestMethodWorker.java:128)
at java.base/java.util.ArrayList.forEach(ArrayList.java:1596)
at org.testng.TestRunner.privateRun(TestRunner.java:794)
at org.testng.TestRunner.run(TestRunner.java:596)
at org.testng.SuiteRunner.runTest(SuiteRunner.java:377)
at org.testng.SuiteRunner.runSequentially(SuiteRunner.java:371)
at org.testng.SuiteRunner.privateRun(SuiteRunner.java:332)
at org.testng.SuiteRunner.run(SuiteRunner.java:276)
at org.testng.SuiteRunnerWorker.runSuite(SuiteRunnerWorker.java:53)
at org.testng.SuiteRunnerWorker.run(SuiteRunnerWorker.java:96)
at org.testng.TestNG.runSuitesSequentially(TestNG.java:1212)
at org.testng.TestNG.runSuitesLocally(TestNG.java:1134)
at org.testng.TestNG.runSuites(TestNG.java:1063)
at org.testng.TestNG.run(TestNG.java:1031)
at org.testng.remote.AbstractRemoteTestNG.run(AbstractRemoteTestNG.java:115)
at org.testng.remote.RemoteTestNG.initAndRun(RemoteTestNG.java:293)
at org.testng.remote.RemoteTestNG.main(RemoteTestNG.java:91)
]]>
    </failure>
  </testcase> <!-- TS008_AMC_VerifyFooterLinksTest -->
  <testcase classname="PROD.AmericasMartSmokeTest_PROD" name="TS003_AMC_VerifyExhibitorDirectoryTest" time="0.0">
    <ignored/>
  </testcase> <!-- TS003_AMC_VerifyExhibitorDirectoryTest -->
  <testcase classname="PROD.AmericasMartSmokeTest_PROD" name="TS006_AMC_VerifyAllLinksUnderExhibitTest" time="0.0">
    <ignored/>
  </testcase> <!-- TS006_AMC_VerifyAllLinksUnderExhibitTest -->
  <testcase classname="PROD.AmericasMartSmokeTest_PROD" name="TS007_AMC_VerifyAllLinksUnderAboutTabTest" time="0.0">
    <ignored/>
  </testcase> <!-- TS007_AMC_VerifyAllLinksUnderAboutTabTest -->
  <testcase classname="PROD.AmericasMartSmokeTest_PROD" name="TS005_AMC_VerifyVisitTab" time="0.0">
    <ignored/>
  </testcase> <!-- TS005_AMC_VerifyVisitTab -->
  <testcase classname="PROD.AmericasMartSmokeTest_PROD" name="TS012_AMC_VerifyMarketPlannerExhibitorPortalOptionTest" time="0.0">
    <ignored/>
  </testcase> <!-- TS012_AMC_VerifyMarketPlannerExhibitorPortalOptionTest -->
  <testcase classname="PROD.AmericasMartSmokeTest_PROD" name="TS003_AMC_VerifyAllLinksUnderMarketsAndEventsTabTest" time="0.0">
    <ignored/>
  </testcase> <!-- TS003_AMC_VerifyAllLinksUnderMarketsAndEventsTabTest -->
  <testcase classname="PROD.AmericasMartSmokeTest_PROD" name="TS011_AMC_VerifyMarketPlannerProfileAndSettingsOptionTest" time="0.0">
    <ignored/>
  </testcase> <!-- TS011_AMC_VerifyMarketPlannerProfileAndSettingsOptionTest -->
  <testcase classname="PROD.AmericasMartSmokeTest_PROD" name="TS010_AMC_VerifyMarketPlannerLoginTest" time="0.0">
    <ignored/>
  </testcase> <!-- TS010_AMC_VerifyMarketPlannerLoginTest -->
  <testcase classname="PROD.AmericasMartSmokeTest_PROD" name="TS002_AMC_VerifyGlobalSearchFunctionalityTest" time="0.0">
    <ignored/>
  </testcase> <!-- TS002_AMC_VerifyGlobalSearchFunctionalityTest -->
  <testcase classname="PROD.AmericasMartSmokeTest_PROD" name="TS004_AMC_VerifyMarketsAndEventsTab" time="0.0">
    <ignored/>
  </testcase> <!-- TS004_AMC_VerifyMarketsAndEventsTab -->
  <testcase classname="PROD.AmericasMartSmokeTest_PROD" name="TS009_AMC_VerifyAllSocialMediaLinksOnFooterTest" time="0.0">
    <ignored/>
  </testcase> <!-- TS009_AMC_VerifyAllSocialMediaLinksOnFooterTest -->
  <testcase classname="PROD.AmericasMartSmokeTest_PROD" name="TS007_AMC_VerifyAllLinksUnderOpenYearRoundTest" time="0.0">
    <ignored/>
  </testcase> <!-- TS007_AMC_VerifyAllLinksUnderOpenYearRoundTest -->
  <testcase classname="PROD.AmericasMartSmokeTest_PROD" name="TS001_AMC_VerifyAllHeaderChanelLinksTest" time="0.0">
    <ignored/>
  </testcase> <!-- TS001_AMC_VerifyAllHeaderChanelLinksTest -->
</testsuite> <!-- Default test -->
