<?xml version="1.0" encoding="UTF-8"?>
<!-- Generated by org.testng.reporters.JUnitReportReporter -->
<testsuite hostname="Anuppa-VD3" failures="0" tests="11" name="PROD.AtlantaAppSmokeTest_PROD" time="98.960" errors="1" timestamp="2025-03-26T16:13:18 IST" skipped="10">
  <testcase classname="PROD.AtlantaAppSmokeTest_PROD" name="TS006_ATLApp_VerifyExhibitTab" time="98.960">
    <error message="Expected condition failed: waiting for visibility of element located by By.xpath: //a[contains(text(),&#039;Exhibitor Portal Login&#039;)] (tried for 40 second(s) with 500 milliseconds interval)
Build info: version: &#039;4.25.0&#039;, revision: &#039;8a8aea2337&#039;
System info: os.name: &#039;Windows 10&#039;, os.arch: &#039;amd64&#039;, os.version: &#039;10.0&#039;, java.version: &#039;21.0.3&#039;
Driver info: org.openqa.selenium.chrome.ChromeDriver
Capabilities {acceptInsecureCerts: false, browserName: chrome, browserVersion: 134.0.6998.165, chrome: {chromedriverVersion: 134.0.6998.165 (fd886e2cb29..., userDataDir: C:\Users\anuppa\AppData\Loc...}, fedcm:accounts: true, goog:chromeOptions: {debuggerAddress: localhost:64321}, networkConnectionEnabled: false, pageLoadStrategy: normal, platformName: windows, proxy: Proxy(), se:cdp: ws://localhost:64321/devtoo..., se:cdpVersion: 134.0.6998.165, setWindowRect: true, strictFileInteractability: false, timeouts: {implicit: 0, pageLoad: 300000, script: 30000}, unhandledPromptBehavior: dismiss and notify, webauthn:extension:credBlob: true, webauthn:extension:largeBlob: true, webauthn:extension:minPinLength: true, webauthn:extension:prf: true, webauthn:virtualAuthenticators: true}
Session ID: 7b62eb8740d7d4b9095a4c80baf7ef1a" type="org.openqa.selenium.TimeoutException">
      <![CDATA[org.openqa.selenium.TimeoutException: Expected condition failed: waiting for visibility of element located by By.xpath: //a[contains(text(),'Exhibitor Portal Login')] (tried for 40 second(s) with 500 milliseconds interval)
Build info: version: '4.25.0', revision: '8a8aea2337'
System info: os.name: 'Windows 10', os.arch: 'amd64', os.version: '10.0', java.version: '21.0.3'
Driver info: org.openqa.selenium.chrome.ChromeDriver
Capabilities {acceptInsecureCerts: false, browserName: chrome, browserVersion: 134.0.6998.165, chrome: {chromedriverVersion: 134.0.6998.165 (fd886e2cb29..., userDataDir: C:\Users\anuppa\AppData\Loc...}, fedcm:accounts: true, goog:chromeOptions: {debuggerAddress: localhost:64321}, networkConnectionEnabled: false, pageLoadStrategy: normal, platformName: windows, proxy: Proxy(), se:cdp: ws://localhost:64321/devtoo..., se:cdpVersion: 134.0.6998.165, setWindowRect: true, strictFileInteractability: false, timeouts: {implicit: 0, pageLoad: 300000, script: 30000}, unhandledPromptBehavior: dismiss and notify, webauthn:extension:credBlob: true, webauthn:extension:largeBlob: true, webauthn:extension:minPinLength: true, webauthn:extension:prf: true, webauthn:virtualAuthenticators: true}
Session ID: 7b62eb8740d7d4b9095a4c80baf7ef1a
at org.openqa.selenium.support.ui.WebDriverWait.timeoutException(WebDriverWait.java:84)
at org.openqa.selenium.support.ui.FluentWait.until(FluentWait.java:228)
at pageObjects.AtlantaMarket.ATLExhibitPage.getATLExhibitorPortalLoginMenu(ATLExhibitPage.java:61)
at PROD.AtlantaAppSmokeTest_PROD.TS006_ATLApp_VerifyExhibitTab(AtlantaAppSmokeTest_PROD.java:490)
at java.base/jdk.internal.reflect.DirectMethodHandleAccessor.invoke(DirectMethodHandleAccessor.java:103)
at java.base/java.lang.reflect.Method.invoke(Method.java:580)
at org.testng.internal.MethodInvocationHelper.invokeMethod(MethodInvocationHelper.java:133)
at org.testng.internal.TestInvoker.invokeMethod(TestInvoker.java:598)
at org.testng.internal.TestInvoker.invokeTestMethod(TestInvoker.java:173)
at org.testng.internal.MethodRunner.runInSequence(MethodRunner.java:46)
at org.testng.internal.TestInvoker$MethodInvocationAgent.invoke(TestInvoker.java:824)
at org.testng.internal.TestInvoker.invokeTestMethods(TestInvoker.java:146)
at org.testng.internal.TestMethodWorker.invokeTestMethods(TestMethodWorker.java:146)
at org.testng.internal.TestMethodWorker.run(TestMethodWorker.java:128)
at java.base/java.util.ArrayList.forEach(ArrayList.java:1596)
at org.testng.TestRunner.privateRun(TestRunner.java:794)
at org.testng.TestRunner.run(TestRunner.java:596)
at org.testng.SuiteRunner.runTest(SuiteRunner.java:377)
at org.testng.SuiteRunner.runSequentially(SuiteRunner.java:371)
at org.testng.SuiteRunner.privateRun(SuiteRunner.java:332)
at org.testng.SuiteRunner.run(SuiteRunner.java:276)
at org.testng.SuiteRunnerWorker.runSuite(SuiteRunnerWorker.java:53)
at org.testng.SuiteRunnerWorker.run(SuiteRunnerWorker.java:96)
at org.testng.TestNG.runSuitesSequentially(TestNG.java:1212)
at org.testng.TestNG.runSuitesLocally(TestNG.java:1134)
at org.testng.TestNG.runSuites(TestNG.java:1063)
at org.testng.TestNG.run(TestNG.java:1031)
at org.testng.remote.AbstractRemoteTestNG.run(AbstractRemoteTestNG.java:115)
at org.testng.remote.RemoteTestNG.initAndRun(RemoteTestNG.java:293)
at org.testng.remote.RemoteTestNG.main(RemoteTestNG.java:91)
]]>
    </error>
  </testcase> <!-- TS006_ATLApp_VerifyExhibitTab -->
  <system-out/>
  <testcase classname="PROD.AtlantaAppSmokeTest_PROD" name="TS004_ATLApp_VerifyExhibitorDirectoryTest">
    <skipped/>
  </testcase> <!-- TS004_ATLApp_VerifyExhibitorDirectoryTest -->
  <system-out/>
  <testcase classname="PROD.AtlantaAppSmokeTest_PROD" name="TS006_ATLApp_VerifyAllLinksUnderExhibitorsAndBrandsTabTest">
    <skipped/>
  </testcase> <!-- TS006_ATLApp_VerifyAllLinksUnderExhibitorsAndBrandsTabTest -->
  <system-out/>
  <testcase classname="PROD.AtlantaAppSmokeTest_PROD" name="TS002_ATLApp_VerifyAllLinksUnderAttendTabTest">
    <skipped/>
  </testcase> <!-- TS002_ATLApp_VerifyAllLinksUnderAttendTabTest -->
  <system-out/>
  <testcase classname="PROD.AtlantaAppSmokeTest_PROD" name="TS00001_ATLApp_VerifyAllLinksUnderYearRoundTabTest">
    <skipped/>
  </testcase> <!-- TS00001_ATLApp_VerifyAllLinksUnderYearRoundTabTest -->
  <system-out/>
  <testcase classname="PROD.AtlantaAppSmokeTest_PROD" name="TS014_ATLApp_VerifyMarketPlannerExhibitorPortalOptionTest">
    <skipped/>
  </testcase> <!-- TS014_ATLApp_VerifyMarketPlannerExhibitorPortalOptionTest -->
  <system-out/>
  <testcase classname="PROD.AtlantaAppSmokeTest_PROD" name="TS012_ATLApp_VerifyMarketPlannerLoginTest">
    <skipped/>
  </testcase> <!-- TS012_ATLApp_VerifyMarketPlannerLoginTest -->
  <system-out/>
  <testcase classname="PROD.AtlantaAppSmokeTest_PROD" name="TS008_ATLApp_VerifyAllLinksUnderTheBestOfFashionTabTest">
    <skipped/>
  </testcase> <!-- TS008_ATLApp_VerifyAllLinksUnderTheBestOfFashionTabTest -->
  <system-out/>
  <testcase classname="PROD.AtlantaAppSmokeTest_PROD" name="TS009_ATLApp_VerifyAllLinksUnderExhibitTabTest">
    <skipped/>
  </testcase> <!-- TS009_ATLApp_VerifyAllLinksUnderExhibitTabTest -->
  <system-out/>
  <testcase classname="PROD.AtlantaAppSmokeTest_PROD" name="TS005_ATLApp_VerifyAllLinksUnderMarketsTabTest">
    <skipped/>
  </testcase> <!-- TS005_ATLApp_VerifyAllLinksUnderMarketsTabTest -->
  <system-out/>
  <testcase classname="PROD.AtlantaAppSmokeTest_PROD" name="TS013_ATLApp_VerifyMarketPlannerProfileOptionTest">
    <skipped/>
  </testcase> <!-- TS013_ATLApp_VerifyMarketPlannerProfileOptionTest -->
  <system-out/>
</testsuite> <!-- PROD.AtlantaAppSmokeTest_PROD -->
